[2024-04-26T08:10:02.307+0000] {local_task_job_runner.py:120} INFO - ::group::Pre task execution logs
[2024-04-26T08:10:02.326+0000] {taskinstance.py:2073} INFO - Dependencies all met for dep_context=non-requeueable deps ti=<TaskInstance: stream-dag.get_objects manual__2024-04-26T08:06:19.259058+00:00 [queued]>
[2024-04-26T08:10:02.332+0000] {taskinstance.py:2073} INFO - Dependencies all met for dep_context=requeueable deps ti=<TaskInstance: stream-dag.get_objects manual__2024-04-26T08:06:19.259058+00:00 [queued]>
[2024-04-26T08:10:02.332+0000] {taskinstance.py:2303} INFO - Starting attempt 2 of 2
[2024-04-26T08:10:02.341+0000] {taskinstance.py:2327} INFO - Executing <Task(PythonOperator): get_objects> on 2024-04-26 08:06:19.259058+00:00
[2024-04-26T08:10:02.350+0000] {warnings.py:110} WARNING - /home/***/.local/lib/python3.12/site-packages/***/task/task_runner/standard_task_runner.py:61: DeprecationWarning: This process (pid=1381) is multi-threaded, use of fork() may lead to deadlocks in the child.
  pid = os.fork()

[2024-04-26T08:10:02.354+0000] {standard_task_runner.py:63} INFO - Started process 1386 to run task
[2024-04-26T08:10:02.354+0000] {standard_task_runner.py:90} INFO - Running: ['***', 'tasks', 'run', 'stream-dag', 'get_objects', 'manual__2024-04-26T08:06:19.259058+00:00', '--job-id', '11', '--raw', '--subdir', 'DAGS_FOLDER/new-dag.py', '--cfg-path', '/tmp/tmpg2ouiv8e']
[2024-04-26T08:10:02.357+0000] {standard_task_runner.py:91} INFO - Job 11: Subtask get_objects
[2024-04-26T08:10:02.425+0000] {task_command.py:426} INFO - Running <TaskInstance: stream-dag.get_objects manual__2024-04-26T08:06:19.259058+00:00 [running]> on host 701d3b82b873
[2024-04-26T08:10:02.522+0000] {taskinstance.py:2644} INFO - Exporting env vars: AIRFLOW_CTX_DAG_OWNER='***' AIRFLOW_CTX_DAG_ID='stream-dag' AIRFLOW_CTX_TASK_ID='get_objects' AIRFLOW_CTX_EXECUTION_DATE='2024-04-26T08:06:19.259058+00:00' AIRFLOW_CTX_TRY_NUMBER='2' AIRFLOW_CTX_DAG_RUN_ID='manual__2024-04-26T08:06:19.259058+00:00'
[2024-04-26T08:10:02.525+0000] {taskinstance.py:430} INFO - ::endgroup::
[2024-04-26T08:10:03.193+0000] {python.py:237} INFO - Done. Returned value was: <botocore.response.StreamingBody object at 0x7f1fcd7114b0>
[2024-04-26T08:10:03.194+0000] {taskinstance.py:441} INFO - ::group::Post task execution logs
[2024-04-26T08:10:03.205+0000] {xcom.py:677} ERROR - Object of type StreamingBody is not JSON serializable. If you are using pickle instead of JSON for XCom, then you need to enable pickle support for XCom in your *** config or make sure to decorate your object with attr.
[2024-04-26T08:10:03.206+0000] {taskinstance.py:2890} ERROR - Task failed with exception
Traceback (most recent call last):
  File "/home/airflow/.local/lib/python3.12/site-packages/airflow/utils/json.py", line 91, in default
    return serialize(o)
           ^^^^^^^^^^^^
  File "/home/airflow/.local/lib/python3.12/site-packages/airflow/serialization/serde.py", line 189, in serialize
    raise TypeError(f"cannot serialize object of type {cls}")
TypeError: cannot serialize object of type <class 'botocore.response.StreamingBody'>

During handling of the above exception, another exception occurred:

Traceback (most recent call last):
  File "/home/airflow/.local/lib/python3.12/site-packages/airflow/models/taskinstance.py", line 486, in _execute_task
    task_instance.xcom_push(key=XCOM_RETURN_KEY, value=xcom_value, session=session)
  File "/home/airflow/.local/lib/python3.12/site-packages/airflow/utils/session.py", line 76, in wrapper
    return func(*args, **kwargs)
           ^^^^^^^^^^^^^^^^^^^^^
  File "/home/airflow/.local/lib/python3.12/site-packages/airflow/models/taskinstance.py", line 3182, in xcom_push
    XCom.set(
  File "/home/airflow/.local/lib/python3.12/site-packages/airflow/utils/session.py", line 76, in wrapper
    return func(*args, **kwargs)
           ^^^^^^^^^^^^^^^^^^^^^
  File "/home/airflow/.local/lib/python3.12/site-packages/airflow/models/xcom.py", line 247, in set
    value = cls.serialize_value(
            ^^^^^^^^^^^^^^^^^^^^
  File "/home/airflow/.local/lib/python3.12/site-packages/airflow/models/xcom.py", line 675, in serialize_value
    return json.dumps(value, cls=XComEncoder).encode("UTF-8")
           ^^^^^^^^^^^^^^^^^^^^^^^^^^^^^^^^^^
  File "/usr/local/lib/python3.12/json/__init__.py", line 238, in dumps
    **kw).encode(obj)
          ^^^^^^^^^^^
  File "/home/airflow/.local/lib/python3.12/site-packages/airflow/utils/json.py", line 104, in encode
    return super().encode(o)
           ^^^^^^^^^^^^^^^^^
  File "/usr/local/lib/python3.12/json/encoder.py", line 200, in encode
    chunks = self.iterencode(o, _one_shot=True)
             ^^^^^^^^^^^^^^^^^^^^^^^^^^^^^^^^^^
  File "/usr/local/lib/python3.12/json/encoder.py", line 258, in iterencode
    return _iterencode(o, 0)
           ^^^^^^^^^^^^^^^^^
  File "/home/airflow/.local/lib/python3.12/site-packages/airflow/utils/json.py", line 93, in default
    return super().default(o)
           ^^^^^^^^^^^^^^^^^^
  File "/usr/local/lib/python3.12/json/encoder.py", line 180, in default
    raise TypeError(f'Object of type {o.__class__.__name__} '
TypeError: Object of type StreamingBody is not JSON serializable
[2024-04-26T08:10:03.214+0000] {taskinstance.py:1205} INFO - Marking task as FAILED. dag_id=stream-dag, task_id=get_objects, execution_date=20240426T080619, start_date=20240426T081002, end_date=20240426T081003
[2024-04-26T08:10:03.223+0000] {standard_task_runner.py:110} ERROR - Failed to execute job 11 for task get_objects (Object of type StreamingBody is not JSON serializable; 1386)
[2024-04-26T08:10:03.249+0000] {local_task_job_runner.py:240} INFO - Task exited with return code 1
[2024-04-26T08:10:03.262+0000] {taskinstance.py:3482} INFO - 0 downstream tasks scheduled from follow-on schedule check
[2024-04-26T08:10:03.263+0000] {local_task_job_runner.py:222} INFO - ::endgroup::
